make all --print-data-base --no-builtin-variables --no-builtin-rules --question
# GNU Make 3.81
# Copyright (C) 2006  Free Software Foundation, Inc.
# This is free software; see the source for copying conditions.
# There is NO warranty; not even for MERCHANTABILITY or FITNESS FOR A
# PARTICULAR PURPOSE.

# This program built for i386-apple-darwin11.3.0
 
make: *** No rule to make target `all'.  Stop.


# Make data base, printed on Wed Dec 14 15:21:17 2022

# Variables

# automatic
<D = $(patsubst %/,%,$(dir $<))
# automatic
?F = $(notdir $?)
# environment
AWS_SECRET_ACCESS_KEY = FP0zg5RTxkFv84pvyyNKzjbwbwgLokUd/k8in4GS
# automatic
?D = $(patsubst %/,%,$(dir $?))
# environment
ARCHFLAGS = -arch x86_64
# environment
CK_ENDPOINT = pkc-epwny.eastus.azure.confluent.cloud:9092
# automatic
@D = $(patsubst %/,%,$(dir $@))
# automatic
@F = $(notdir $@)
# makefile
CURDIR := /Users/mossaka/Developer/wit-bindgen
# makefile
SHELL = /bin/sh
# automatic
*F = $(notdir $*)
# environment
VSCODE_NLS_CONFIG = {"locale":"en-us","availableLanguages":{},"_languagePackSupport":true}
# environment
_ = /usr/bin/make
# makefile
MAKEFILE_LIST := 
# environment
VSCODE_AMD_ENTRYPOINT = vs/workbench/api/node/extensionHostProcess
# environment
__CFBundleIdentifier = com.microsoft.VSCode
# environment
AZURE_SERVICE_BUS_NAMESPACE = wasi-cloud-servicebus
# environment
AWS_DEFAULT_REGION = us-west-2
# environment
VSCODE_CWD = /
# environment
GOPROXY = https://proxy.golang.org,direct
# environment
PATH = /usr/local/opt/openssl@3/bin:/Users/mossaka/.wasmtime/bin:/Users/mossaka/.krew/bin:/usr/local/Caskroom/miniconda/base/bin:/usr/local/Caskroom/miniconda/base/condabin:/usr/local/opt/llvm/bin:/Users/mossaka/.tiup/bin:/usr/local/bin:/System/Cryptexes/App/usr/bin:/usr/bin:/bin:/usr/sbin:/sbin:/usr/local/go/bin:/usr/local/MacGPG2/bin:/usr/local/share/dotnet:~/.dotnet/tools:/Users/mossaka/.cargo/bin:/usr/local/opt/riscv-gnu-toolchain/bin:/Users/mossaka/.cabal/bin:/Users/mossaka/.ghcup/bin
# environment
LSCOLORS = Gxfxcxdxbxegedabagacad
# environment
OPENSSL_ROOT_DIR = /usr/local/opt/openssl
# environment
GOPATH = /Users/mossaka/go
# environment
ELECTRON_RUN_AS_NODE = 1
# default
.FEATURES := target-specific order-only second-expansion else-if archives jobserver check-symlink
# environment
SSH_AUTH_SOCK = /private/tmp/com.apple.launchd.901NnJlbts/Listeners
# automatic
%F = $(notdir $%)
# environment
CONDA_EXE = /usr/local/Caskroom/miniconda/base/bin/conda
# environment
CK_GROUP_ID = my_consumer_group
# environment
PWD = /Users/mossaka/Developer/wit-bindgen
# environment
ORIGINAL_XDG_CURRENT_DESKTOP = undefined
# environment
GOMODCACHE = /Users/mossaka/go/pkg/mod
# environment
HOME = /Users/mossaka
# environment
AZURE_STORAGE_KEY = mHiHnYvmbvIqvJb8Oplyyg1rlc/lZk/1M3M94muIxbai2nJlYB+kcR0Yi03mxtvC77B+F0PhSKhc/C5KlPjWxg==
# default
MAKEFILEPATH = $(shell /usr/bin/xcode-select -print-path 2>/dev/null || echo /Developer)/Makefiles
# environment
AZAPPCONFIG_KEYID = P77H-l2-s0:NykPYliHZ3z+OkSsX7Np
# environment
AZURE_POLICY_NAME = RootManageSharedAccessKey
# environment
VSCODE_CODE_CACHE_PATH = /Users/mossaka/Library/Application Support/Code/CachedData/5235c6bb189b60b01b1f49062f4ffa42384f8c91
# environment
CK_SASL_MECHANISMS = PLAIN
# environment
APPLICATION_INSIGHTS_NO_DIAGNOSTIC_CHANNEL = 1
# environment
CONDA_PROMPT_MODIFIER = (base) 
# environment
WASMTIME_HOME = /Users/mossaka/.wasmtime
# environment
ZSH = /Users/mossaka/.oh-my-zsh
# environment
VSCODE_HANDLES_UNCAUGHT_ERRORS = true
# environment
CK_SASL_USERNAME = 4OJORJRZPJIBOSAY
# automatic
^D = $(patsubst %/,%,$(dir $^))
# environment
AZURE_STORAGE_ACCOUNT = cloudeventsstorage
# environment
WASI_SDK_PATH = /Users/mossaka/wasi-sdk-16.0
# environment
CONDA_DEFAULT_ENV = base
# environment
XPC_FLAGS = 0x0
# default
MAKE = $(MAKE_COMMAND)
# default
MAKECMDGOALS := all
# environment
SHLVL = 1
# environment
AZAPPCONFIG_KEYSECRET = C2i4ojLPcEOMbPZ/Xks3AWg3iT30Xr59zn8m/UjXlRk=
# default
MAKE_VERSION := 3.81
# environment
USER = mossaka
# makefile
.DEFAULT_GOAL := 
# environment
OPENSSL_INCLUDE_DIR = /usr/local/opt/openssl/include
# environment
LESS = -R
# automatic
%D = $(patsubst %/,%,$(dir $%))
# environment
AWS_ACCESS_KEY_ID = AKIAYDQBJXVEKTDIW7LU
# environment
AZURE_CLIENT_ID = 005ccf79-0110-41e2-9762-0e382f9b7835
# environment
CONDA_SHLVL = 1
# default
MAKE_COMMAND := /Library/Developer/CommandLineTools/usr/bin/make
# default
.VARIABLES := 
# environment
TMPDIR = /var/folders/rz/51yqdh7d09542dtygqzpk61m0000gn/T/
# environment
OPENSSL_LIBRARIES = /usr/local/opt/openssl/lib
# environment
VSCODE_IPC_HOOK = /Users/mossaka/Library/Application Support/Code/1.74.0-main.sock
# environment
MallocNanoZone = 0
# makefile
MAKEFLAGS = Rrqp
# environment
MFLAGS = -Rrqp
# automatic
*D = $(patsubst %/,%,$(dir $*))
# environment
XPC_SERVICE_NAME = application.com.microsoft.VSCode.48607918.48607924
# automatic
+D = $(patsubst %/,%,$(dir $+))
# automatic
+F = $(notdir $+)
# environment
CK_SECURITY_PROTOCOL = SASL_SSL
# environment
__CF_USER_TEXT_ENCODING = 0x1F5:0x0:0x0
# environment
COMMAND_MODE = unix2003
# environment
AZURE_POLICY_KEY = nVz6gRO9AZQWh229BDUJ2n0um03BJ0qdCkPZcx1lryI=
# default
MAKEFILES := 
# environment
AZURE_CLIENT_SECRET = yt5s8~_~NNmVUF_TiIv_Ujiu_6rhC9mARl
# automatic
<F = $(notdir $<)
# environment
AZURE_SUBSCRIPTION_ID = 9aae05a8-b131-486c-8129-6a0ea96b5065
# environment
ETCD_ENDPOINT = http://localhost:2379
# environment
CK_SASL_PASSWORD = 7ZpVOs6RwFrCt29GPGNeTPow8/V7URcO432FVdHr+/H+kM3gxSltzKuDMBgqSwxs
# environment
PAGER = less
# environment
LC_ALL = C
# environment
CONDA_PYTHON_EXE = /usr/local/Caskroom/miniconda/base/bin/python
# automatic
^F = $(notdir $^)
# environment
AZURE_TENANT_ID = 72f988bf-86f1-41af-91ab-2d7cd011db47
# default
SUFFIXES := 
# environment
_CE_M = 
# environment
AZURE_STORAGE_CONNECTION_STRING = DefaultEndpointsProtocol=https;AccountName=cloudeventsstorage;AccountKey=mHiHnYvmbvIqvJb8Oplyyg1rlc/lZk/1M3M94muIxbai2nJlYB+kcR0Yi03mxtvC77B+F0PhSKhc/C5KlPjWxg==;EndpointSuffix=core.windows.net
# default
.INCLUDE_DIRS = /usr/local/include
# environment
AWS_REGION = us-west-2
# environment
MAKELEVEL := 0
# environment
CONDA_PREFIX = /usr/local/Caskroom/miniconda/base
# environment
LOGNAME = mossaka
# environment
VSCODE_PID = 58180
# environment
_CE_CONDA = 
# environment
AZAPPCONFIG_ENDPOINT = https://azappconfigs-spiderlightning.azconfig.io
# environment
LANG = C
# variable set hash-table stats:
# Load=103/1024=10%, Rehash=0, Collisions=8/124=6%

# Pattern-specific Variable Values

# No pattern-specific variable values.

# Directories

# . (device 16777221, inode 8800647): 18 files, no impossibilities.

# 18 files, no impossibilities in 1 directories.

# Implicit Rules

# No implicit rules.

# Files

# Not a target:
all:
#  Command-line target.
#  Implicit rule search has been done.
#  File does not exist.
#  File has not been updated.
# variable set hash-table stats:
# Load=0/32=0%, Rehash=0, Collisions=0/0=0%

# Not a target:
.SUFFIXES:
#  Implicit rule search has not been done.
#  Modification time never checked.
#  File has not been updated.

# Not a target:
Makefile:
#  A default, MAKEFILES, or -include/sinclude makefile.
#  Implicit rule search has been done.
#  File does not exist.
#  File has been updated.
#  Failed to be updated.
# variable set hash-table stats:
# Load=0/32=0%, Rehash=0, Collisions=0/0=0%

# Not a target:
makefile:
#  A default, MAKEFILES, or -include/sinclude makefile.
#  Implicit rule search has been done.
#  File does not exist.
#  File has been updated.
#  Failed to be updated.
# variable set hash-table stats:
# Load=0/32=0%, Rehash=0, Collisions=0/0=0%

# Not a target:
.DEFAULT:
#  Implicit rule search has not been done.
#  Modification time never checked.
#  File has not been updated.

# Not a target:
GNUmakefile:
#  A default, MAKEFILES, or -include/sinclude makefile.
#  Implicit rule search has been done.
#  File does not exist.
#  File has been updated.
#  Failed to be updated.
# variable set hash-table stats:
# Load=0/32=0%, Rehash=0, Collisions=0/0=0%

# files hash-table stats:
# Load=6/1024=1%, Rehash=0, Collisions=0/17=0%
# VPATH Search Paths

# No `vpath' search paths.

# No general (`VPATH' variable) search path.

# # of strings in strcache: 0
# # of strcache buffers: 0
# strcache size: total = 0 / max = 0 / min = 4096 / avg = 0
# strcache free: total = 0 / max = 0 / min = 4096 / avg = 0

# Finished Make data base on Wed Dec 14 15:21:17 2022

 
